{"C:\\Users\\Wade\\Komodo\\server\\server.js": {"path":"C:\\Users\\Wade\\Komodo\\server\\server.js","statementMap":{"0":{"start":{"line":1,"column":16},"end":{"line":1,"column":34}},"1":{"start":{"line":2,"column":12},"end":{"line":2,"column":21}},"2":{"start":{"line":3,"column":17},"end":{"line":3,"column":36}},"3":{"start":{"line":4,"column":15},"end":{"line":4,"column":41}},"4":{"start":{"line":5,"column":21},"end":{"line":5,"column":56}},"5":{"start":{"line":6,"column":19},"end":{"line":6,"column":52}},"6":{"start":{"line":7,"column":25},"end":{"line":7,"column":64}},"7":{"start":{"line":8,"column":22},"end":{"line":8,"column":58}},"8":{"start":{"line":9,"column":22},"end":{"line":9,"column":58}},"9":{"start":{"line":10,"column":13},"end":{"line":10,"column":28}},"10":{"start":{"line":11,"column":21},"end":{"line":11,"column":45}},"11":{"start":{"line":16,"column":13},"end":{"line":16,"column":17}},"12":{"start":{"line":17,"column":0},"end":{"line":17,"column":53}},"13":{"start":{"line":18,"column":0},"end":{"line":18,"column":94}},"14":{"start":{"line":20,"column":0},"end":{"line":22,"column":3}},"15":{"start":{"line":21,"column":2},"end":{"line":21,"column":39}},"16":{"start":{"line":24,"column":0},"end":{"line":24,"column":24}},"17":{"start":{"line":25,"column":0},"end":{"line":25,"column":24}},"18":{"start":{"line":26,"column":0},"end":{"line":26,"column":48}},"19":{"start":{"line":30,"column":0},"end":{"line":30,"column":37}},"20":{"start":{"line":31,"column":0},"end":{"line":31,"column":33}},"21":{"start":{"line":32,"column":0},"end":{"line":32,"column":45}},"22":{"start":{"line":33,"column":0},"end":{"line":33,"column":40}},"23":{"start":{"line":34,"column":0},"end":{"line":34,"column":39}},"24":{"start":{"line":36,"column":0},"end":{"line":36,"column":37}},"25":{"start":{"line":39,"column":0},"end":{"line":41,"column":3}},"26":{"start":{"line":40,"column":2},"end":{"line":40,"column":36}},"27":{"start":{"line":44,"column":0},"end":{"line":55,"column":3}},"28":{"start":{"line":45,"column":2},"end":{"line":45,"column":27}},"29":{"start":{"line":46,"column":21},"end":{"line":50,"column":3}},"30":{"start":{"line":52,"column":19},"end":{"line":52,"column":53}},"31":{"start":{"line":53,"column":2},"end":{"line":53,"column":24}},"32":{"start":{"line":54,"column":2},"end":{"line":54,"column":53}},"33":{"start":{"line":57,"column":15},"end":{"line":57,"column":79}},"34":{"start":{"line":57,"column":38},"end":{"line":57,"column":78}},"35":{"start":{"line":60,"column":0},"end":{"line":60,"column":24}}},"fnMap":{"0":{"name":"(anonymous_0)","decl":{"start":{"line":20,"column":33},"end":{"line":20,"column":34}},"loc":{"start":{"line":20,"column":39},"end":{"line":22,"column":1}},"line":20},"1":{"name":"(anonymous_1)","decl":{"start":{"line":39,"column":13},"end":{"line":39,"column":14}},"loc":{"start":{"line":39,"column":27},"end":{"line":41,"column":1}},"line":39},"2":{"name":"(anonymous_2)","decl":{"start":{"line":44,"column":8},"end":{"line":44,"column":9}},"loc":{"start":{"line":44,"column":33},"end":{"line":55,"column":1}},"line":44},"3":{"name":"(anonymous_3)","decl":{"start":{"line":57,"column":32},"end":{"line":57,"column":33}},"loc":{"start":{"line":57,"column":38},"end":{"line":57,"column":78}},"line":57}},"branchMap":{},"s":{"0":5,"1":5,"2":5,"3":5,"4":5,"5":5,"6":5,"7":5,"8":5,"9":5,"10":5,"11":5,"12":5,"13":5,"14":5,"15":5,"16":5,"17":5,"18":5,"19":5,"20":5,"21":5,"22":5,"23":5,"24":5,"25":5,"26":0,"27":5,"28":17,"29":17,"30":17,"31":17,"32":17,"33":5,"34":5,"35":5},"f":{"0":5,"1":0,"2":17,"3":5},"b":{},"_coverageSchema":"1a1c01bbd47fc00a2c39e90264f33305004495a9","hash":"2f5c21a049e1cf702a4f84e81ac75a520df2c084"}
,"C:\\Users\\Wade\\Komodo\\server\\controllers\\stsController.js": {"path":"C:\\Users\\Wade\\Komodo\\server\\controllers\\stsController.js","statementMap":{"0":{"start":{"line":1,"column":41},"end":{"line":1,"column":71}},"1":{"start":{"line":2,"column":16},"end":{"line":2,"column":42}},"2":{"start":{"line":3,"column":16},"end":{"line":3,"column":52}},"3":{"start":{"line":4,"column":13},"end":{"line":4,"column":46}},"4":{"start":{"line":5,"column":15},"end":{"line":5,"column":41}},"5":{"start":{"line":7,"column":22},"end":{"line":7,"column":24}},"6":{"start":{"line":9,"column":0},"end":{"line":55,"column":2}},"7":{"start":{"line":16,"column":2},"end":{"line":16,"column":46}},"8":{"start":{"line":18,"column":20},"end":{"line":18,"column":65}},"9":{"start":{"line":21,"column":26},"end":{"line":21,"column":35}},"10":{"start":{"line":26,"column":22},"end":{"line":32,"column":3}},"11":{"start":{"line":33,"column":20},"end":{"line":33,"column":46}},"12":{"start":{"line":34,"column":17},"end":{"line":37,"column":3}},"13":{"start":{"line":38,"column":2},"end":{"line":54,"column":3}},"14":{"start":{"line":39,"column":20},"end":{"line":39,"column":49}},"15":{"start":{"line":40,"column":17},"end":{"line":40,"column":46}},"16":{"start":{"line":41,"column":4},"end":{"line":45,"column":6}},"17":{"start":{"line":46,"column":4},"end":{"line":46,"column":43}},"18":{"start":{"line":47,"column":4},"end":{"line":47,"column":18}},"19":{"start":{"line":49,"column":4},"end":{"line":53,"column":7}},"20":{"start":{"line":57,"column":0},"end":{"line":57,"column":31}}},"fnMap":{"0":{"name":"(anonymous_0)","decl":{"start":{"line":9,"column":31},"end":{"line":9,"column":32}},"loc":{"start":{"line":9,"column":57},"end":{"line":55,"column":1}},"line":9}},"branchMap":{},"s":{"0":5,"1":5,"2":5,"3":5,"4":5,"5":5,"6":5,"7":23,"8":23,"9":23,"10":23,"11":23,"12":23,"13":23,"14":23,"15":23,"16":19,"17":19,"18":19,"19":4,"20":5},"f":{"0":23},"b":{},"_coverageSchema":"1a1c01bbd47fc00a2c39e90264f33305004495a9","hash":"3f10b38c098e46a7b0835af56ef4c2d3d6c7baa5"}
,"C:\\Users\\Wade\\Komodo\\server\\controllers\\userController.js": {"path":"C:\\Users\\Wade\\Komodo\\server\\controllers\\userController.js","statementMap":{"0":{"start":{"line":1,"column":13},"end":{"line":1,"column":46}},"1":{"start":{"line":2,"column":15},"end":{"line":2,"column":32}},"2":{"start":{"line":4,"column":23},"end":{"line":4,"column":25}},"3":{"start":{"line":6,"column":0},"end":{"line":22,"column":1}},"4":{"start":{"line":7,"column":46},"end":{"line":7,"column":54}},"5":{"start":{"line":9,"column":25},"end":{"line":9,"column":56}},"6":{"start":{"line":11,"column":2},"end":{"line":21,"column":3}},"7":{"start":{"line":12,"column":20},"end":{"line":12,"column":89}},"8":{"start":{"line":13,"column":4},"end":{"line":13,"column":49}},"9":{"start":{"line":14,"column":4},"end":{"line":14,"column":18}},"10":{"start":{"line":16,"column":4},"end":{"line":20,"column":6}},"11":{"start":{"line":24,"column":0},"end":{"line":37,"column":1}},"12":{"start":{"line":25,"column":2},"end":{"line":36,"column":3}},"13":{"start":{"line":26,"column":21},"end":{"line":26,"column":40}},"14":{"start":{"line":27,"column":4},"end":{"line":27,"column":35}},"15":{"start":{"line":28,"column":4},"end":{"line":28,"column":17}},"16":{"start":{"line":31,"column":4},"end":{"line":35,"column":6}},"17":{"start":{"line":39,"column":0},"end":{"line":77,"column":1}},"18":{"start":{"line":40,"column":2},"end":{"line":76,"column":3}},"19":{"start":{"line":42,"column":35},"end":{"line":42,"column":43}},"20":{"start":{"line":45,"column":23},"end":{"line":45,"column":65}},"21":{"start":{"line":46,"column":4},"end":{"line":46,"column":41}},"22":{"start":{"line":48,"column":4},"end":{"line":54,"column":5}},"23":{"start":{"line":49,"column":6},"end":{"line":53,"column":8}},"24":{"start":{"line":55,"column":4},"end":{"line":55,"column":39}},"25":{"start":{"line":58,"column":27},"end":{"line":58,"column":46}},"26":{"start":{"line":59,"column":28},"end":{"line":59,"column":74}},"27":{"start":{"line":60,"column":4},"end":{"line":66,"column":5}},"28":{"start":{"line":61,"column":6},"end":{"line":65,"column":8}},"29":{"start":{"line":68,"column":4},"end":{"line":68,"column":51}},"30":{"start":{"line":69,"column":4},"end":{"line":69,"column":17}},"31":{"start":{"line":71,"column":4},"end":{"line":75,"column":6}},"32":{"start":{"line":79,"column":0},"end":{"line":98,"column":1}},"33":{"start":{"line":80,"column":32},"end":{"line":80,"column":40}},"34":{"start":{"line":81,"column":2},"end":{"line":97,"column":3}},"35":{"start":{"line":82,"column":20},"end":{"line":86,"column":5}},"36":{"start":{"line":87,"column":4},"end":{"line":87,"column":53}},"37":{"start":{"line":88,"column":4},"end":{"line":88,"column":38}},"38":{"start":{"line":89,"column":4},"end":{"line":89,"column":37}},"39":{"start":{"line":90,"column":4},"end":{"line":90,"column":18}},"40":{"start":{"line":92,"column":4},"end":{"line":96,"column":6}},"41":{"start":{"line":100,"column":0},"end":{"line":100,"column":32}}},"fnMap":{"0":{"name":"(anonymous_0)","decl":{"start":{"line":6,"column":28},"end":{"line":6,"column":29}},"loc":{"start":{"line":6,"column":54},"end":{"line":22,"column":1}},"line":6},"1":{"name":"(anonymous_1)","decl":{"start":{"line":24,"column":29},"end":{"line":24,"column":30}},"loc":{"start":{"line":24,"column":53},"end":{"line":37,"column":1}},"line":24},"2":{"name":"(anonymous_2)","decl":{"start":{"line":39,"column":23},"end":{"line":39,"column":24}},"loc":{"start":{"line":39,"column":49},"end":{"line":77,"column":1}},"line":39},"3":{"name":"(anonymous_3)","decl":{"start":{"line":79,"column":28},"end":{"line":79,"column":29}},"loc":{"start":{"line":79,"column":54},"end":{"line":98,"column":1}},"line":79}},"branchMap":{"0":{"loc":{"start":{"line":48,"column":4},"end":{"line":54,"column":5}},"type":"if","locations":[{"start":{"line":48,"column":4},"end":{"line":54,"column":5}},{"start":{},"end":{}}],"line":48},"1":{"loc":{"start":{"line":48,"column":7},"end":{"line":48,"column":54}},"type":"binary-expr","locations":[{"start":{"line":48,"column":7},"end":{"line":48,"column":26}},{"start":{"line":48,"column":30},"end":{"line":48,"column":54}}],"line":48},"2":{"loc":{"start":{"line":60,"column":4},"end":{"line":66,"column":5}},"type":"if","locations":[{"start":{"line":60,"column":4},"end":{"line":66,"column":5}},{"start":{},"end":{}}],"line":60}},"s":{"0":5,"1":5,"2":5,"3":5,"4":2,"5":2,"6":2,"7":2,"8":1,"9":1,"10":1,"11":5,"12":0,"13":0,"14":0,"15":0,"16":0,"17":5,"18":2,"19":2,"20":2,"21":2,"22":2,"23":1,"24":1,"25":1,"26":1,"27":1,"28":0,"29":1,"30":1,"31":1,"32":5,"33":1,"34":1,"35":1,"36":1,"37":1,"38":1,"39":1,"40":0,"41":5},"f":{"0":2,"1":0,"2":2,"3":1},"b":{"0":[1,1],"1":[2,1],"2":[0,1]},"_coverageSchema":"1a1c01bbd47fc00a2c39e90264f33305004495a9","hash":"bfdcd589029b625a5f8fa6fb1677e5d1d4a2cb93"}
,"C:\\Users\\Wade\\Komodo\\server\\controllers\\authentication\\cookieController.js": {"path":"C:\\Users\\Wade\\Komodo\\server\\controllers\\authentication\\cookieController.js","statementMap":{"0":{"start":{"line":1,"column":13},"end":{"line":1,"column":49}},"1":{"start":{"line":2,"column":16},"end":{"line":2,"column":55}},"2":{"start":{"line":4,"column":25},"end":{"line":4,"column":27}},"3":{"start":{"line":6,"column":0},"end":{"line":22,"column":1}},"4":{"start":{"line":7,"column":2},"end":{"line":21,"column":3}},"5":{"start":{"line":8,"column":4},"end":{"line":8,"column":41}},"6":{"start":{"line":11,"column":22},"end":{"line":11,"column":80}},"7":{"start":{"line":15,"column":4},"end":{"line":15,"column":36}},"8":{"start":{"line":16,"column":4},"end":{"line":16,"column":18}},"9":{"start":{"line":18,"column":22},"end":{"line":18,"column":81}},"10":{"start":{"line":19,"column":4},"end":{"line":19,"column":36}},"11":{"start":{"line":20,"column":4},"end":{"line":20,"column":18}},"12":{"start":{"line":24,"column":0},"end":{"line":50,"column":1}},"13":{"start":{"line":26,"column":2},"end":{"line":49,"column":3}},"14":{"start":{"line":27,"column":4},"end":{"line":27,"column":43}},"15":{"start":{"line":28,"column":22},"end":{"line":28,"column":109}},"16":{"start":{"line":29,"column":4},"end":{"line":29,"column":60}},"17":{"start":{"line":40,"column":4},"end":{"line":40,"column":45}},"18":{"start":{"line":41,"column":4},"end":{"line":41,"column":43}},"19":{"start":{"line":42,"column":4},"end":{"line":42,"column":17}},"20":{"start":{"line":44,"column":4},"end":{"line":48,"column":6}},"21":{"start":{"line":52,"column":0},"end":{"line":64,"column":1}},"22":{"start":{"line":53,"column":2},"end":{"line":63,"column":3}},"23":{"start":{"line":54,"column":4},"end":{"line":54,"column":34}},"24":{"start":{"line":55,"column":4},"end":{"line":55,"column":28}},"25":{"start":{"line":56,"column":4},"end":{"line":56,"column":18}},"26":{"start":{"line":58,"column":4},"end":{"line":62,"column":6}},"27":{"start":{"line":67,"column":0},"end":{"line":67,"column":34}}},"fnMap":{"0":{"name":"(anonymous_0)","decl":{"start":{"line":6,"column":33},"end":{"line":6,"column":34}},"loc":{"start":{"line":6,"column":58},"end":{"line":22,"column":1}},"line":6},"1":{"name":"(anonymous_1)","decl":{"start":{"line":24,"column":30},"end":{"line":24,"column":31}},"loc":{"start":{"line":24,"column":55},"end":{"line":50,"column":1}},"line":24},"2":{"name":"(anonymous_2)","decl":{"start":{"line":52,"column":30},"end":{"line":52,"column":31}},"loc":{"start":{"line":52,"column":56},"end":{"line":64,"column":1}},"line":52}},"branchMap":{"0":{"loc":{"start":{"line":7,"column":2},"end":{"line":21,"column":3}},"type":"if","locations":[{"start":{"line":7,"column":2},"end":{"line":21,"column":3}},{"start":{"line":17,"column":9},"end":{"line":21,"column":3}}],"line":7},"1":{"loc":{"start":{"line":28,"column":53},"end":{"line":28,"column":106}},"type":"binary-expr","locations":[{"start":{"line":28,"column":53},"end":{"line":28,"column":77}},{"start":{"line":28,"column":81},"end":{"line":28,"column":106}}],"line":28}},"s":{"0":5,"1":5,"2":5,"3":5,"4":2,"5":1,"6":1,"7":1,"8":1,"9":1,"10":1,"11":1,"12":5,"13":2,"14":2,"15":2,"16":2,"17":2,"18":2,"19":2,"20":0,"21":5,"22":0,"23":0,"24":0,"25":0,"26":0,"27":5},"f":{"0":2,"1":2,"2":0},"b":{"0":[1,1],"1":[2,1]},"_coverageSchema":"1a1c01bbd47fc00a2c39e90264f33305004495a9","hash":"f0ecafc82c0ffe2e63f6a7d72037d5f8303b6671"}
,"C:\\Users\\Wade\\Komodo\\server\\controllers\\cloudwatch\\cloudWatchLogController.js": {"path":"C:\\Users\\Wade\\Komodo\\server\\controllers\\cloudwatch\\cloudWatchLogController.js","statementMap":{"0":{"start":{"line":1,"column":81},"end":{"line":1,"column":123}},"1":{"start":{"line":4,"column":32},"end":{"line":4,"column":34}},"2":{"start":{"line":8,"column":0},"end":{"line":49,"column":1}},"3":{"start":{"line":9,"column":23},"end":{"line":9,"column":31}},"4":{"start":{"line":10,"column":2},"end":{"line":48,"column":3}},"5":{"start":{"line":14,"column":27},"end":{"line":14,"column":129}},"6":{"start":{"line":18,"column":20},"end":{"line":18,"column":45}},"7":{"start":{"line":19,"column":4},"end":{"line":19,"column":37}},"8":{"start":{"line":24,"column":18},"end":{"line":26,"column":5}},"9":{"start":{"line":27,"column":20},"end":{"line":27,"column":56}},"10":{"start":{"line":28,"column":26},"end":{"line":28,"column":60}},"11":{"start":{"line":30,"column":27},"end":{"line":30,"column":29}},"12":{"start":{"line":32,"column":4},"end":{"line":35,"column":6}},"13":{"start":{"line":34,"column":6},"end":{"line":34,"column":45}},"14":{"start":{"line":37,"column":4},"end":{"line":37,"column":47}},"15":{"start":{"line":38,"column":4},"end":{"line":38,"column":18}},"16":{"start":{"line":43,"column":4},"end":{"line":47,"column":7}},"17":{"start":{"line":52,"column":0},"end":{"line":95,"column":1}},"18":{"start":{"line":53,"column":34},"end":{"line":53,"column":42}},"19":{"start":{"line":54,"column":2},"end":{"line":94,"column":3}},"20":{"start":{"line":55,"column":27},"end":{"line":55,"column":129}},"21":{"start":{"line":56,"column":4},"end":{"line":56,"column":35}},"22":{"start":{"line":58,"column":25},"end":{"line":58,"column":49}},"23":{"start":{"line":59,"column":4},"end":{"line":59,"column":47}},"24":{"start":{"line":61,"column":18},"end":{"line":65,"column":5}},"25":{"start":{"line":67,"column":20},"end":{"line":67,"column":50}},"26":{"start":{"line":71,"column":25},"end":{"line":71,"column":59}},"27":{"start":{"line":73,"column":4},"end":{"line":73,"column":47}},"28":{"start":{"line":74,"column":23},"end":{"line":74,"column":35}},"29":{"start":{"line":75,"column":4},"end":{"line":81,"column":6}},"30":{"start":{"line":76,"column":28},"end":{"line":76,"column":53}},"31":{"start":{"line":77,"column":6},"end":{"line":77,"column":49}},"32":{"start":{"line":79,"column":28},"end":{"line":79,"column":57}},"33":{"start":{"line":80,"column":6},"end":{"line":80,"column":53}},"34":{"start":{"line":82,"column":4},"end":{"line":82,"column":36}},"35":{"start":{"line":83,"column":4},"end":{"line":83,"column":31}},"36":{"start":{"line":84,"column":4},"end":{"line":84,"column":18}},"37":{"start":{"line":89,"column":4},"end":{"line":93,"column":7}},"38":{"start":{"line":98,"column":0},"end":{"line":98,"column":41}}},"fnMap":{"0":{"name":"(anonymous_0)","decl":{"start":{"line":8,"column":46},"end":{"line":8,"column":47}},"loc":{"start":{"line":8,"column":72},"end":{"line":49,"column":1}},"line":8},"1":{"name":"(anonymous_1)","decl":{"start":{"line":32,"column":37},"end":{"line":32,"column":38}},"loc":{"start":{"line":32,"column":44},"end":{"line":35,"column":5}},"line":32},"2":{"name":"(anonymous_2)","decl":{"start":{"line":52,"column":41},"end":{"line":52,"column":42}},"loc":{"start":{"line":52,"column":67},"end":{"line":95,"column":1}},"line":52},"3":{"name":"(anonymous_3)","decl":{"start":{"line":75,"column":19},"end":{"line":75,"column":20}},"loc":{"start":{"line":75,"column":28},"end":{"line":81,"column":5}},"line":75}},"branchMap":{},"s":{"0":5,"1":5,"2":5,"3":2,"4":2,"5":2,"6":2,"7":2,"8":2,"9":2,"10":2,"11":1,"12":1,"13":9,"14":1,"15":1,"16":1,"17":5,"18":3,"19":3,"20":3,"21":3,"22":3,"23":3,"24":3,"25":3,"26":3,"27":1,"28":1,"29":1,"30":67,"31":67,"32":67,"33":67,"34":1,"35":1,"36":1,"37":2,"38":5},"f":{"0":2,"1":9,"2":3,"3":67},"b":{},"_coverageSchema":"1a1c01bbd47fc00a2c39e90264f33305004495a9","hash":"6dd919c700a244138653cbd4403b88e76d2877b8"}
,"C:\\Users\\Wade\\Komodo\\server\\controllers\\cloudwatch\\cloudWatchMetricsController.js": {"path":"C:\\Users\\Wade\\Komodo\\server\\controllers\\cloudwatch\\cloudWatchMetricsController.js","statementMap":{"0":{"start":{"line":1,"column":78},"end":{"line":1,"column":115}},"1":{"start":{"line":4,"column":36},"end":{"line":4,"column":38}},"2":{"start":{"line":6,"column":0},"end":{"line":53,"column":1}},"3":{"start":{"line":7,"column":50},"end":{"line":7,"column":58}},"4":{"start":{"line":8,"column":29},"end":{"line":8,"column":53}},"5":{"start":{"line":9,"column":20},"end":{"line":9,"column":47}},"6":{"start":{"line":10,"column":2},"end":{"line":52,"column":3}},"7":{"start":{"line":11,"column":19},"end":{"line":11,"column":116}},"8":{"start":{"line":13,"column":22},"end":{"line":13,"column":82}},"9":{"start":{"line":17,"column":31},"end":{"line":17,"column":75}},"10":{"start":{"line":18,"column":34},"end":{"line":18,"column":81}},"11":{"start":{"line":19,"column":32},"end":{"line":19,"column":77}},"12":{"start":{"line":20,"column":29},"end":{"line":20,"column":71}},"13":{"start":{"line":21,"column":36},"end":{"line":21,"column":92}},"14":{"start":{"line":23,"column":39},"end":{"line":23,"column":76}},"15":{"start":{"line":24,"column":42},"end":{"line":24,"column":82}},"16":{"start":{"line":25,"column":40},"end":{"line":25,"column":78}},"17":{"start":{"line":26,"column":37},"end":{"line":26,"column":72}},"18":{"start":{"line":27,"column":44},"end":{"line":27,"column":86}},"19":{"start":{"line":36,"column":4},"end":{"line":42,"column":5}},"20":{"start":{"line":44,"column":4},"end":{"line":44,"column":59}},"21":{"start":{"line":45,"column":4},"end":{"line":45,"column":18}},"22":{"start":{"line":47,"column":4},"end":{"line":51,"column":7}},"23":{"start":{"line":56,"column":22},"end":{"line":75,"column":1}},"24":{"start":{"line":57,"column":2},"end":{"line":70,"column":3}},"25":{"start":{"line":58,"column":22},"end":{"line":58,"column":32}},"26":{"start":{"line":59,"column":4},"end":{"line":59,"column":47}},"27":{"start":{"line":60,"column":4},"end":{"line":60,"column":21}},"28":{"start":{"line":61,"column":9},"end":{"line":70,"column":3}},"29":{"start":{"line":62,"column":21},"end":{"line":62,"column":41}},"30":{"start":{"line":63,"column":22},"end":{"line":63,"column":32}},"31":{"start":{"line":64,"column":4},"end":{"line":64,"column":54}},"32":{"start":{"line":65,"column":4},"end":{"line":65,"column":21}},"33":{"start":{"line":67,"column":22},"end":{"line":67,"column":32}},"34":{"start":{"line":68,"column":4},"end":{"line":68,"column":61}},"35":{"start":{"line":69,"column":4},"end":{"line":69,"column":21}},"36":{"start":{"line":77,"column":28},"end":{"line":104,"column":1}},"37":{"start":{"line":79,"column":2},"end":{"line":85,"column":3}},"38":{"start":{"line":80,"column":4},"end":{"line":84,"column":5}},"39":{"start":{"line":81,"column":6},"end":{"line":81,"column":38}},"40":{"start":{"line":83,"column":6},"end":{"line":83,"column":58}},"41":{"start":{"line":86,"column":2},"end":{"line":92,"column":3}},"42":{"start":{"line":87,"column":4},"end":{"line":91,"column":5}},"43":{"start":{"line":88,"column":6},"end":{"line":88,"column":43}},"44":{"start":{"line":90,"column":6},"end":{"line":90,"column":63}},"45":{"start":{"line":93,"column":2},"end":{"line":95,"column":3}},"46":{"start":{"line":94,"column":6},"end":{"line":94,"column":45}},"47":{"start":{"line":96,"column":2},"end":{"line":102,"column":1}},"48":{"start":{"line":97,"column":4},"end":{"line":101,"column":5}},"49":{"start":{"line":98,"column":6},"end":{"line":98,"column":46}},"50":{"start":{"line":100,"column":6},"end":{"line":100,"column":66}},"51":{"start":{"line":103,"column":2},"end":{"line":103,"column":21}},"52":{"start":{"line":106,"column":14},"end":{"line":106,"column":15}},"53":{"start":{"line":108,"column":20},"end":{"line":280,"column":1}},"54":{"start":{"line":109,"column":2},"end":{"line":111,"column":3}},"55":{"start":{"line":110,"column":4},"end":{"line":110,"column":66}},"56":{"start":{"line":112,"column":28},"end":{"line":112,"column":30}},"57":{"start":{"line":114,"column":2},"end":{"line":114,"column":50}},"58":{"start":{"line":117,"column":2},"end":{"line":147,"column":4}},"59":{"start":{"line":149,"column":2},"end":{"line":179,"column":4}},"60":{"start":{"line":181,"column":2},"end":{"line":211,"column":4}},"61":{"start":{"line":213,"column":2},"end":{"line":243,"column":4}},"62":{"start":{"line":245,"column":2},"end":{"line":275,"column":4}},"63":{"start":{"line":277,"column":2},"end":{"line":277,"column":15}},"64":{"start":{"line":279,"column":2},"end":{"line":279,"column":27}},"65":{"start":{"line":282,"column":0},"end":{"line":282,"column":45}}},"fnMap":{"0":{"name":"(anonymous_0)","decl":{"start":{"line":6,"column":41},"end":{"line":6,"column":42}},"loc":{"start":{"line":6,"column":67},"end":{"line":53,"column":1}},"line":6},"1":{"name":"(anonymous_1)","decl":{"start":{"line":56,"column":22},"end":{"line":56,"column":23}},"loc":{"start":{"line":56,"column":32},"end":{"line":75,"column":1}},"line":56},"2":{"name":"(anonymous_2)","decl":{"start":{"line":77,"column":28},"end":{"line":77,"column":29}},"loc":{"start":{"line":77,"column":40},"end":{"line":104,"column":1}},"line":77},"3":{"name":"(anonymous_3)","decl":{"start":{"line":108,"column":20},"end":{"line":108,"column":21}},"loc":{"start":{"line":108,"column":61},"end":{"line":280,"column":1}},"line":108}},"branchMap":{"0":{"loc":{"start":{"line":57,"column":2},"end":{"line":70,"column":3}},"type":"if","locations":[{"start":{"line":57,"column":2},"end":{"line":70,"column":3}},{"start":{"line":61,"column":9},"end":{"line":70,"column":3}}],"line":57},"1":{"loc":{"start":{"line":61,"column":9},"end":{"line":70,"column":3}},"type":"if","locations":[{"start":{"line":61,"column":9},"end":{"line":70,"column":3}},{"start":{"line":66,"column":8},"end":{"line":70,"column":3}}],"line":61},"2":{"loc":{"start":{"line":79,"column":2},"end":{"line":85,"column":3}},"type":"if","locations":[{"start":{"line":79,"column":2},"end":{"line":85,"column":3}},{"start":{},"end":{}}],"line":79},"3":{"loc":{"start":{"line":79,"column":5},"end":{"line":79,"column":106}},"type":"binary-expr","locations":[{"start":{"line":79,"column":5},"end":{"line":79,"column":26}},{"start":{"line":79,"column":30},"end":{"line":79,"column":52}},{"start":{"line":79,"column":56},"end":{"line":79,"column":79}},{"start":{"line":79,"column":83},"end":{"line":79,"column":106}}],"line":79},"4":{"loc":{"start":{"line":80,"column":4},"end":{"line":84,"column":5}},"type":"if","locations":[{"start":{"line":80,"column":4},"end":{"line":84,"column":5}},{"start":{"line":82,"column":11},"end":{"line":84,"column":5}}],"line":80},"5":{"loc":{"start":{"line":86,"column":2},"end":{"line":92,"column":3}},"type":"if","locations":[{"start":{"line":86,"column":2},"end":{"line":92,"column":3}},{"start":{},"end":{}}],"line":86},"6":{"loc":{"start":{"line":86,"column":5},"end":{"line":86,"column":79}},"type":"binary-expr","locations":[{"start":{"line":86,"column":5},"end":{"line":86,"column":26}},{"start":{"line":86,"column":30},"end":{"line":86,"column":52}},{"start":{"line":86,"column":56},"end":{"line":86,"column":79}}],"line":86},"7":{"loc":{"start":{"line":87,"column":4},"end":{"line":91,"column":5}},"type":"if","locations":[{"start":{"line":87,"column":4},"end":{"line":91,"column":5}},{"start":{"line":89,"column":11},"end":{"line":91,"column":5}}],"line":87},"8":{"loc":{"start":{"line":87,"column":7},"end":{"line":87,"column":49}},"type":"binary-expr","locations":[{"start":{"line":87,"column":7},"end":{"line":87,"column":26}},{"start":{"line":87,"column":30},"end":{"line":87,"column":49}}],"line":87},"9":{"loc":{"start":{"line":93,"column":2},"end":{"line":95,"column":3}},"type":"if","locations":[{"start":{"line":93,"column":2},"end":{"line":95,"column":3}},{"start":{},"end":{}}],"line":93},"10":{"loc":{"start":{"line":93,"column":5},"end":{"line":93,"column":48}},"type":"binary-expr","locations":[{"start":{"line":93,"column":5},"end":{"line":93,"column":24}},{"start":{"line":93,"column":28},"end":{"line":93,"column":48}}],"line":93},"11":{"loc":{"start":{"line":96,"column":2},"end":{"line":102,"column":1}},"type":"if","locations":[{"start":{"line":96,"column":2},"end":{"line":102,"column":1}},{"start":{},"end":{}}],"line":96},"12":{"loc":{"start":{"line":96,"column":5},"end":{"line":96,"column":70}},"type":"binary-expr","locations":[{"start":{"line":96,"column":5},"end":{"line":96,"column":23}},{"start":{"line":96,"column":27},"end":{"line":96,"column":46}},{"start":{"line":96,"column":50},"end":{"line":96,"column":70}}],"line":96},"13":{"loc":{"start":{"line":97,"column":4},"end":{"line":101,"column":5}},"type":"if","locations":[{"start":{"line":97,"column":4},"end":{"line":101,"column":5}},{"start":{"line":99,"column":11},"end":{"line":101,"column":5}}],"line":97},"14":{"loc":{"start":{"line":97,"column":7},"end":{"line":97,"column":49}},"type":"binary-expr","locations":[{"start":{"line":97,"column":7},"end":{"line":97,"column":26}},{"start":{"line":97,"column":30},"end":{"line":97,"column":49}}],"line":97},"15":{"loc":{"start":{"line":109,"column":2},"end":{"line":111,"column":3}},"type":"if","locations":[{"start":{"line":109,"column":2},"end":{"line":111,"column":3}},{"start":{},"end":{}}],"line":109},"16":{"loc":{"start":{"line":109,"column":5},"end":{"line":109,"column":50}},"type":"binary-expr","locations":[{"start":{"line":109,"column":5},"end":{"line":109,"column":14}},{"start":{"line":109,"column":18},"end":{"line":109,"column":25}},{"start":{"line":109,"column":29},"end":{"line":109,"column":36}},{"start":{"line":109,"column":40},"end":{"line":109,"column":50}}],"line":109},"17":{"loc":{"start":{"line":270,"column":12},"end":{"line":270,"column":57}},"type":"binary-expr","locations":[{"start":{"line":270,"column":12},"end":{"line":270,"column":33}},{"start":{"line":270,"column":37},"end":{"line":270,"column":57}}],"line":270}},"s":{"0":5,"1":5,"2":5,"3":5,"4":5,"5":5,"6":5,"7":5,"8":5,"9":5,"10":5,"11":5,"12":5,"13":5,"14":5,"15":1,"16":1,"17":1,"18":1,"19":1,"20":1,"21":1,"22":4,"23":5,"24":5,"25":0,"26":0,"27":0,"28":5,"29":0,"30":0,"31":0,"32":0,"33":5,"34":5,"35":5,"36":5,"37":5,"38":0,"39":0,"40":0,"41":5,"42":4,"43":0,"44":4,"45":5,"46":0,"47":5,"48":0,"49":0,"50":0,"51":5,"52":5,"53":5,"54":5,"55":2,"56":3,"57":3,"58":3,"59":3,"60":3,"61":3,"62":3,"63":3,"64":3,"65":5},"f":{"0":5,"1":5,"2":5,"3":5},"b":{"0":[0,5],"1":[0,5],"2":[0,5],"3":[5,5,5,5],"4":[0,0],"5":[4,1],"6":[5,5,5],"7":[0,4],"8":[4,4],"9":[0,5],"10":[5,5],"11":[0,5],"12":[5,5,5],"13":[0,0],"14":[0,0],"15":[2,3],"16":[5,4,4,3],"17":[3,0]},"_coverageSchema":"1a1c01bbd47fc00a2c39e90264f33305004495a9","hash":"114e0cbd36b54779acddcd82c450d63633bc8978"}
,"C:\\Users\\Wade\\Komodo\\server\\controllers\\lambda\\lambdaController.js": {"path":"C:\\Users\\Wade\\Komodo\\server\\controllers\\lambda\\lambdaController.js","statementMap":{"0":{"start":{"line":5,"column":4},"end":{"line":5,"column":37}},"1":{"start":{"line":7,"column":25},"end":{"line":7,"column":27}},"2":{"start":{"line":10,"column":0},"end":{"line":47,"column":2}},"3":{"start":{"line":13,"column":17},"end":{"line":16,"column":4}},"4":{"start":{"line":18,"column":24},"end":{"line":18,"column":52}},"5":{"start":{"line":20,"column":2},"end":{"line":46,"column":3}},"6":{"start":{"line":21,"column":17},"end":{"line":21,"column":49}},"7":{"start":{"line":24,"column":21},"end":{"line":24,"column":35}},"8":{"start":{"line":25,"column":22},"end":{"line":25,"column":24}},"9":{"start":{"line":26,"column":4},"end":{"line":32,"column":7}},"10":{"start":{"line":27,"column":6},"end":{"line":31,"column":9}},"11":{"start":{"line":36,"column":4},"end":{"line":36,"column":37}},"12":{"start":{"line":37,"column":4},"end":{"line":37,"column":18}},"13":{"start":{"line":39,"column":4},"end":{"line":45,"column":7}},"14":{"start":{"line":49,"column":0},"end":{"line":49,"column":34}}},"fnMap":{"0":{"name":"(anonymous_0)","decl":{"start":{"line":10,"column":32},"end":{"line":10,"column":33}},"loc":{"start":{"line":10,"column":58},"end":{"line":47,"column":1}},"line":10},"1":{"name":"(anonymous_1)","decl":{"start":{"line":26,"column":21},"end":{"line":26,"column":22}},"loc":{"start":{"line":26,"column":27},"end":{"line":32,"column":5}},"line":26}},"branchMap":{},"s":{"0":5,"1":5,"2":5,"3":1,"4":1,"5":1,"6":1,"7":1,"8":1,"9":1,"10":2,"11":1,"12":1,"13":0,"14":5},"f":{"0":1,"1":2},"b":{},"_coverageSchema":"1a1c01bbd47fc00a2c39e90264f33305004495a9","hash":"5269c50487a1af32ebc11eccb8ed7c0645396b5d"}
,"C:\\Users\\Wade\\Komodo\\server\\controllers\\versions\\versionHistoryController.js": {"path":"C:\\Users\\Wade\\Komodo\\server\\controllers\\versions\\versionHistoryController.js","statementMap":{"0":{"start":{"line":1,"column":96},"end":{"line":1,"column":129}},"1":{"start":{"line":3,"column":33},"end":{"line":3,"column":35}},"2":{"start":{"line":7,"column":0},"end":{"line":41,"column":1}},"3":{"start":{"line":8,"column":23},"end":{"line":8,"column":31}},"4":{"start":{"line":9,"column":2},"end":{"line":40,"column":3}},"5":{"start":{"line":10,"column":19},"end":{"line":13,"column":6}},"6":{"start":{"line":14,"column":4},"end":{"line":14,"column":37}},"7":{"start":{"line":15,"column":19},"end":{"line":17,"column":5}},"8":{"start":{"line":19,"column":20},"end":{"line":19,"column":61}},"9":{"start":{"line":20,"column":23},"end":{"line":20,"column":49}},"10":{"start":{"line":24,"column":21},"end":{"line":24,"column":23}},"11":{"start":{"line":26,"column":4},"end":{"line":28,"column":6}},"12":{"start":{"line":27,"column":6},"end":{"line":27,"column":47}},"13":{"start":{"line":32,"column":4},"end":{"line":32,"column":37}},"14":{"start":{"line":33,"column":4},"end":{"line":33,"column":18}},"15":{"start":{"line":35,"column":4},"end":{"line":39,"column":6}},"16":{"start":{"line":44,"column":0},"end":{"line":80,"column":1}},"17":{"start":{"line":45,"column":26},"end":{"line":45,"column":34}},"18":{"start":{"line":46,"column":2},"end":{"line":79,"column":3}},"19":{"start":{"line":47,"column":19},"end":{"line":50,"column":6}},"20":{"start":{"line":52,"column":18},"end":{"line":54,"column":5}},"21":{"start":{"line":56,"column":20},"end":{"line":56,"column":49}},"22":{"start":{"line":57,"column":21},"end":{"line":57,"column":47}},"23":{"start":{"line":62,"column":4},"end":{"line":62,"column":107}},"24":{"start":{"line":64,"column":24},"end":{"line":70,"column":5}},"25":{"start":{"line":71,"column":4},"end":{"line":71,"column":41}},"26":{"start":{"line":72,"column":4},"end":{"line":72,"column":18}},"27":{"start":{"line":74,"column":4},"end":{"line":78,"column":6}},"28":{"start":{"line":82,"column":0},"end":{"line":117,"column":1}},"29":{"start":{"line":83,"column":23},"end":{"line":83,"column":31}},"30":{"start":{"line":84,"column":2},"end":{"line":116,"column":3}},"31":{"start":{"line":85,"column":19},"end":{"line":88,"column":6}},"32":{"start":{"line":89,"column":18},"end":{"line":91,"column":5}},"33":{"start":{"line":92,"column":20},"end":{"line":92,"column":49}},"34":{"start":{"line":93,"column":22},"end":{"line":93,"column":48}},"35":{"start":{"line":94,"column":17},"end":{"line":94,"column":34}},"36":{"start":{"line":95,"column":4},"end":{"line":106,"column":6}},"37":{"start":{"line":96,"column":6},"end":{"line":105,"column":7}},"38":{"start":{"line":96,"column":32},"end":{"line":96,"column":52}},"39":{"start":{"line":98,"column":8},"end":{"line":98,"column":66}},"40":{"start":{"line":100,"column":8},"end":{"line":103,"column":9}},"41":{"start":{"line":101,"column":10},"end":{"line":101,"column":66}},"42":{"start":{"line":102,"column":10},"end":{"line":102,"column":36}},"43":{"start":{"line":104,"column":8},"end":{"line":104,"column":34}},"44":{"start":{"line":108,"column":4},"end":{"line":108,"column":32}},"45":{"start":{"line":109,"column":4},"end":{"line":109,"column":18}},"46":{"start":{"line":111,"column":4},"end":{"line":115,"column":6}},"47":{"start":{"line":119,"column":0},"end":{"line":119,"column":42}}},"fnMap":{"0":{"name":"(anonymous_0)","decl":{"start":{"line":7,"column":43},"end":{"line":7,"column":44}},"loc":{"start":{"line":7,"column":69},"end":{"line":41,"column":1}},"line":7},"1":{"name":"(anonymous_1)","decl":{"start":{"line":26,"column":32},"end":{"line":26,"column":33}},"loc":{"start":{"line":26,"column":40},"end":{"line":28,"column":5}},"line":26},"2":{"name":"(anonymous_2)","decl":{"start":{"line":44,"column":47},"end":{"line":44,"column":48}},"loc":{"start":{"line":44,"column":73},"end":{"line":80,"column":1}},"line":44},"3":{"name":"(anonymous_3)","decl":{"start":{"line":82,"column":36},"end":{"line":82,"column":37}},"loc":{"start":{"line":82,"column":62},"end":{"line":117,"column":1}},"line":82},"4":{"name":"(anonymous_4)","decl":{"start":{"line":95,"column":17},"end":{"line":95,"column":18}},"loc":{"start":{"line":95,"column":26},"end":{"line":106,"column":5}},"line":95}},"branchMap":{"0":{"loc":{"start":{"line":62,"column":4},"end":{"line":62,"column":106}},"type":"cond-expr","locations":[{"start":{"line":62,"column":44},"end":{"line":62,"column":63}},{"start":{"line":62,"column":66},"end":{"line":62,"column":106}}],"line":62},"1":{"loc":{"start":{"line":96,"column":6},"end":{"line":105,"column":7}},"type":"if","locations":[{"start":{"line":96,"column":6},"end":{"line":105,"column":7}},{"start":{"line":97,"column":10},"end":{"line":105,"column":7}}],"line":96}},"s":{"0":5,"1":5,"2":5,"3":2,"4":2,"5":2,"6":2,"7":2,"8":2,"9":2,"10":1,"11":1,"12":4,"13":1,"14":1,"15":1,"16":5,"17":2,"18":2,"19":2,"20":2,"21":2,"22":2,"23":1,"24":1,"25":1,"26":1,"27":1,"28":5,"29":2,"30":2,"31":2,"32":2,"33":2,"34":2,"35":1,"36":1,"37":3,"38":2,"39":1,"40":1,"41":1,"42":1,"43":1,"44":1,"45":1,"46":1,"47":5},"f":{"0":2,"1":4,"2":2,"3":2,"4":3},"b":{"0":[0,1],"1":[2,1]},"_coverageSchema":"1a1c01bbd47fc00a2c39e90264f33305004495a9","hash":"aaf6ebb9305d526be1e12a852d350952f1066331"}
,"C:\\Users\\Wade\\Komodo\\server\\controllers\\warming\\warmingController.js": {"path":"C:\\Users\\Wade\\Komodo\\server\\controllers\\warming\\warmingController.js","statementMap":{"0":{"start":{"line":1,"column":40},"end":{"line":1,"column":73}},"1":{"start":{"line":3,"column":26},"end":{"line":3,"column":28}},"2":{"start":{"line":5,"column":0},"end":{"line":47,"column":2}},"3":{"start":{"line":6,"column":26},"end":{"line":6,"column":34}},"4":{"start":{"line":7,"column":2},"end":{"line":46,"column":3}},"5":{"start":{"line":8,"column":19},"end":{"line":11,"column":6}},"6":{"start":{"line":13,"column":19},"end":{"line":15,"column":5}},"7":{"start":{"line":17,"column":20},"end":{"line":17,"column":45}},"8":{"start":{"line":20,"column":18},"end":{"line":20,"column":19}},"9":{"start":{"line":34,"column":21},"end":{"line":34,"column":47}},"10":{"start":{"line":36,"column":4},"end":{"line":36,"column":40}},"11":{"start":{"line":38,"column":4},"end":{"line":38,"column":51}},"12":{"start":{"line":39,"column":4},"end":{"line":39,"column":18}},"13":{"start":{"line":41,"column":4},"end":{"line":45,"column":7}},"14":{"start":{"line":49,"column":0},"end":{"line":49,"column":35}}},"fnMap":{"0":{"name":"(anonymous_0)","decl":{"start":{"line":5,"column":33},"end":{"line":5,"column":34}},"loc":{"start":{"line":5,"column":59},"end":{"line":47,"column":1}},"line":5}},"branchMap":{},"s":{"0":5,"1":5,"2":5,"3":2,"4":2,"5":2,"6":2,"7":2,"8":2,"9":2,"10":1,"11":1,"12":1,"13":1,"14":5},"f":{"0":2},"b":{},"_coverageSchema":"1a1c01bbd47fc00a2c39e90264f33305004495a9","hash":"3032027588945ef1522878cbbd078dc94ee586bc"}
,"C:\\Users\\Wade\\Komodo\\server\\models\\sessionModel.js": {"path":"C:\\Users\\Wade\\Komodo\\server\\models\\sessionModel.js","statementMap":{"0":{"start":{"line":1,"column":17},"end":{"line":1,"column":36}},"1":{"start":{"line":2,"column":19},"end":{"line":2,"column":27}},"2":{"start":{"line":5,"column":22},"end":{"line":8,"column":2}},"3":{"start":{"line":11,"column":0},"end":{"line":11,"column":58}}},"fnMap":{},"branchMap":{},"s":{"0":5,"1":5,"2":5,"3":5},"f":{},"b":{},"_coverageSchema":"1a1c01bbd47fc00a2c39e90264f33305004495a9","hash":"e25da72c4aae344aedd2b8a447db72368d9ad7dd"}
,"C:\\Users\\Wade\\Komodo\\server\\models\\userModel.js": {"path":"C:\\Users\\Wade\\Komodo\\server\\models\\userModel.js","statementMap":{"0":{"start":{"line":1,"column":17},"end":{"line":1,"column":36}},"1":{"start":{"line":2,"column":19},"end":{"line":2,"column":27}},"2":{"start":{"line":4,"column":13},"end":{"line":9,"column":2}},"3":{"start":{"line":12,"column":0},"end":{"line":12,"column":46}}},"fnMap":{},"branchMap":{},"s":{"0":5,"1":5,"2":5,"3":5},"f":{},"b":{},"_coverageSchema":"1a1c01bbd47fc00a2c39e90264f33305004495a9","hash":"62bf4af23168cc9f9d56db553bc635858ae7ff0f"}
,"C:\\Users\\Wade\\Komodo\\server\\routes\\cloudWatchRouter.js": {"path":"C:\\Users\\Wade\\Komodo\\server\\routes\\cloudWatchRouter.js","statementMap":{"0":{"start":{"line":1,"column":16},"end":{"line":1,"column":34}},"1":{"start":{"line":2,"column":32},"end":{"line":2,"column":95}},"2":{"start":{"line":3,"column":22},"end":{"line":3,"column":64}},"3":{"start":{"line":4,"column":25},"end":{"line":4,"column":41}},"4":{"start":{"line":5,"column":36},"end":{"line":5,"column":103}},"5":{"start":{"line":8,"column":0},"end":{"line":11,"column":3}},"6":{"start":{"line":10,"column":4},"end":{"line":10,"column":59}},"7":{"start":{"line":14,"column":0},"end":{"line":16,"column":3}},"8":{"start":{"line":15,"column":2},"end":{"line":15,"column":49}},"9":{"start":{"line":19,"column":0},"end":{"line":21,"column":3}},"10":{"start":{"line":20,"column":2},"end":{"line":20,"column":50}},"11":{"start":{"line":23,"column":0},"end":{"line":23,"column":34}}},"fnMap":{"0":{"name":"(anonymous_0)","decl":{"start":{"line":8,"column":109},"end":{"line":8,"column":110}},"loc":{"start":{"line":8,"column":123},"end":{"line":11,"column":1}},"line":8},"1":{"name":"(anonymous_1)","decl":{"start":{"line":14,"column":113},"end":{"line":14,"column":114}},"loc":{"start":{"line":14,"column":127},"end":{"line":16,"column":1}},"line":14},"2":{"name":"(anonymous_2)","decl":{"start":{"line":19,"column":107},"end":{"line":19,"column":108}},"loc":{"start":{"line":19,"column":121},"end":{"line":21,"column":1}},"line":19}},"branchMap":{},"s":{"0":5,"1":5,"2":5,"3":5,"4":5,"5":5,"6":1,"7":5,"8":1,"9":5,"10":1,"11":5},"f":{"0":1,"1":1,"2":1},"b":{},"_coverageSchema":"1a1c01bbd47fc00a2c39e90264f33305004495a9","hash":"1d085e26b9c70f8d5256e66c1efdeb67fc79b733"}
,"C:\\Users\\Wade\\Komodo\\server\\routes\\lambdaRouter.js": {"path":"C:\\Users\\Wade\\Komodo\\server\\routes\\lambdaRouter.js","statementMap":{"0":{"start":{"line":1,"column":16},"end":{"line":1,"column":34}},"1":{"start":{"line":2,"column":22},"end":{"line":2,"column":64}},"2":{"start":{"line":3,"column":25},"end":{"line":3,"column":77}},"3":{"start":{"line":4,"column":21},"end":{"line":4,"column":37}},"4":{"start":{"line":7,"column":0},"end":{"line":9,"column":3}},"5":{"start":{"line":8,"column":2},"end":{"line":8,"column":52}},"6":{"start":{"line":11,"column":0},"end":{"line":11,"column":30}}},"fnMap":{"0":{"name":"(anonymous_0)","decl":{"start":{"line":7,"column":92},"end":{"line":7,"column":93}},"loc":{"start":{"line":7,"column":106},"end":{"line":9,"column":1}},"line":7}},"branchMap":{},"s":{"0":5,"1":5,"2":5,"3":5,"4":5,"5":1,"6":5},"f":{"0":1},"b":{},"_coverageSchema":"1a1c01bbd47fc00a2c39e90264f33305004495a9","hash":"6e31889f4cbc0816acbb1b4c5e90a834b79ca275"}
,"C:\\Users\\Wade\\Komodo\\server\\routes\\userRouter.js": {"path":"C:\\Users\\Wade\\Komodo\\server\\routes\\userRouter.js","statementMap":{"0":{"start":{"line":1,"column":16},"end":{"line":1,"column":34}},"1":{"start":{"line":2,"column":19},"end":{"line":2,"column":35}},"2":{"start":{"line":3,"column":23},"end":{"line":3,"column":66}},"3":{"start":{"line":4,"column":25},"end":{"line":4,"column":85}},"4":{"start":{"line":7,"column":0},"end":{"line":16,"column":3}},"5":{"start":{"line":8,"column":2},"end":{"line":15,"column":3}},"6":{"start":{"line":9,"column":4},"end":{"line":9,"column":27}},"7":{"start":{"line":11,"column":4},"end":{"line":11,"column":38}},"8":{"start":{"line":12,"column":18},"end":{"line":12,"column":19}},"9":{"start":{"line":13,"column":23},"end":{"line":13,"column":45}},"10":{"start":{"line":14,"column":4},"end":{"line":14,"column":98}},"11":{"start":{"line":18,"column":0},"end":{"line":20,"column":2}},"12":{"start":{"line":19,"column":2},"end":{"line":19,"column":51}},"13":{"start":{"line":22,"column":0},"end":{"line":33,"column":3}},"14":{"start":{"line":23,"column":2},"end":{"line":32,"column":3}},"15":{"start":{"line":24,"column":4},"end":{"line":24,"column":27}},"16":{"start":{"line":26,"column":4},"end":{"line":26,"column":38}},"17":{"start":{"line":27,"column":18},"end":{"line":27,"column":19}},"18":{"start":{"line":28,"column":23},"end":{"line":28,"column":45}},"19":{"start":{"line":29,"column":4},"end":{"line":29,"column":98}},"20":{"start":{"line":30,"column":4},"end":{"line":30,"column":44}},"21":{"start":{"line":35,"column":0},"end":{"line":37,"column":3}},"22":{"start":{"line":36,"column":2},"end":{"line":36,"column":25}},"23":{"start":{"line":39,"column":0},"end":{"line":41,"column":3}},"24":{"start":{"line":40,"column":2},"end":{"line":40,"column":54}},"25":{"start":{"line":43,"column":0},"end":{"line":43,"column":28}}},"fnMap":{"0":{"name":"(anonymous_0)","decl":{"start":{"line":7,"column":115},"end":{"line":7,"column":116}},"loc":{"start":{"line":7,"column":129},"end":{"line":16,"column":1}},"line":7},"1":{"name":"(anonymous_1)","decl":{"start":{"line":18,"column":48},"end":{"line":18,"column":49}},"loc":{"start":{"line":18,"column":61},"end":{"line":20,"column":1}},"line":18},"2":{"name":"(anonymous_2)","decl":{"start":{"line":22,"column":109},"end":{"line":22,"column":110}},"loc":{"start":{"line":22,"column":123},"end":{"line":33,"column":1}},"line":22},"3":{"name":"(anonymous_3)","decl":{"start":{"line":35,"column":56},"end":{"line":35,"column":57}},"loc":{"start":{"line":35,"column":70},"end":{"line":37,"column":1}},"line":35},"4":{"name":"(anonymous_4)","decl":{"start":{"line":39,"column":53},"end":{"line":39,"column":54}},"loc":{"start":{"line":39,"column":67},"end":{"line":41,"column":1}},"line":39}},"branchMap":{"0":{"loc":{"start":{"line":8,"column":2},"end":{"line":15,"column":3}},"type":"if","locations":[{"start":{"line":8,"column":2},"end":{"line":15,"column":3}},{"start":{"line":10,"column":9},"end":{"line":15,"column":3}}],"line":8},"1":{"loc":{"start":{"line":8,"column":5},"end":{"line":8,"column":57}},"type":"binary-expr","locations":[{"start":{"line":8,"column":5},"end":{"line":8,"column":29}},{"start":{"line":8,"column":33},"end":{"line":8,"column":57}}],"line":8},"2":{"loc":{"start":{"line":23,"column":2},"end":{"line":32,"column":3}},"type":"if","locations":[{"start":{"line":23,"column":2},"end":{"line":32,"column":3}},{"start":{"line":25,"column":9},"end":{"line":32,"column":3}}],"line":23},"3":{"loc":{"start":{"line":23,"column":5},"end":{"line":23,"column":57}},"type":"binary-expr","locations":[{"start":{"line":23,"column":5},"end":{"line":23,"column":29}},{"start":{"line":23,"column":33},"end":{"line":23,"column":57}}],"line":23}},"s":{"0":5,"1":5,"2":5,"3":5,"4":5,"5":1,"6":0,"7":1,"8":1,"9":1,"10":1,"11":5,"12":0,"13":5,"14":1,"15":0,"16":1,"17":1,"18":1,"19":1,"20":1,"21":5,"22":0,"23":5,"24":1,"25":5},"f":{"0":1,"1":0,"2":1,"3":0,"4":1},"b":{"0":[0,1],"1":[1,1],"2":[0,1],"3":[1,1]},"_coverageSchema":"1a1c01bbd47fc00a2c39e90264f33305004495a9","hash":"1bddc4b8b42fa96d83c2707134000fed9d71f616"}
,"C:\\Users\\Wade\\Komodo\\server\\routes\\versionRouter.js": {"path":"C:\\Users\\Wade\\Komodo\\server\\routes\\versionRouter.js","statementMap":{"0":{"start":{"line":1,"column":16},"end":{"line":1,"column":34}},"1":{"start":{"line":2,"column":22},"end":{"line":2,"column":38}},"2":{"start":{"line":3,"column":33},"end":{"line":3,"column":95}},"3":{"start":{"line":4,"column":22},"end":{"line":4,"column":64}},"4":{"start":{"line":7,"column":0},"end":{"line":9,"column":2}},"5":{"start":{"line":8,"column":2},"end":{"line":8,"column":53}},"6":{"start":{"line":11,"column":0},"end":{"line":13,"column":2}},"7":{"start":{"line":12,"column":2},"end":{"line":12,"column":54}},"8":{"start":{"line":15,"column":0},"end":{"line":17,"column":2}},"9":{"start":{"line":16,"column":2},"end":{"line":16,"column":52}},"10":{"start":{"line":19,"column":0},"end":{"line":19,"column":31}}},"fnMap":{"0":{"name":"(anonymous_0)","decl":{"start":{"line":7,"column":106},"end":{"line":7,"column":107}},"loc":{"start":{"line":7,"column":120},"end":{"line":9,"column":1}},"line":7},"1":{"name":"(anonymous_1)","decl":{"start":{"line":11,"column":114},"end":{"line":11,"column":115}},"loc":{"start":{"line":11,"column":128},"end":{"line":13,"column":1}},"line":11},"2":{"name":"(anonymous_2)","decl":{"start":{"line":15,"column":96},"end":{"line":15,"column":97}},"loc":{"start":{"line":15,"column":110},"end":{"line":17,"column":1}},"line":15}},"branchMap":{},"s":{"0":5,"1":5,"2":5,"3":5,"4":5,"5":1,"6":5,"7":1,"8":5,"9":1,"10":5},"f":{"0":1,"1":1,"2":1},"b":{},"_coverageSchema":"1a1c01bbd47fc00a2c39e90264f33305004495a9","hash":"fab5946021210b6320f24172871231e34769fa28"}
,"C:\\Users\\Wade\\Komodo\\server\\routes\\warmingRouter.js": {"path":"C:\\Users\\Wade\\Komodo\\server\\routes\\warmingRouter.js","statementMap":{"0":{"start":{"line":1,"column":16},"end":{"line":1,"column":34}},"1":{"start":{"line":2,"column":22},"end":{"line":2,"column":38}},"2":{"start":{"line":3,"column":26},"end":{"line":3,"column":80}},"3":{"start":{"line":4,"column":22},"end":{"line":4,"column":64}},"4":{"start":{"line":6,"column":0},"end":{"line":8,"column":2}},"5":{"start":{"line":7,"column":2},"end":{"line":7,"column":48}},"6":{"start":{"line":12,"column":0},"end":{"line":12,"column":31}}},"fnMap":{"0":{"name":"(anonymous_0)","decl":{"start":{"line":6,"column":94},"end":{"line":6,"column":95}},"loc":{"start":{"line":6,"column":108},"end":{"line":8,"column":1}},"line":6}},"branchMap":{},"s":{"0":5,"1":5,"2":5,"3":5,"4":5,"5":1,"6":5},"f":{"0":1},"b":{},"_coverageSchema":"1a1c01bbd47fc00a2c39e90264f33305004495a9","hash":"bf3c119158ad85c4b94c029715893b17f3590bd3"}
}
