{"total": {"lines":{"total":379,"covered":333,"skipped":0,"pct":87.86},"statements":{"total":381,"covered":335,"skipped":0,"pct":87.92},"functions":{"total":41,"covered":34,"skipped":0,"pct":82.92},"branches":{"total":64,"covered":47,"skipped":0,"pct":73.43},"branchesTrue":{"total":0,"covered":0,"skipped":0,"pct":100}}
,"C:\\Users\\Wade\\Komodo\\server\\server.js": {"lines":{"total":35,"covered":34,"skipped":0,"pct":97.14},"functions":{"total":4,"covered":3,"skipped":0,"pct":75},"statements":{"total":36,"covered":35,"skipped":0,"pct":97.22},"branches":{"total":0,"covered":0,"skipped":0,"pct":100}}
,"C:\\Users\\Wade\\Komodo\\server\\controllers\\stsController.js": {"lines":{"total":21,"covered":21,"skipped":0,"pct":100},"functions":{"total":1,"covered":1,"skipped":0,"pct":100},"statements":{"total":21,"covered":21,"skipped":0,"pct":100},"branches":{"total":0,"covered":0,"skipped":0,"pct":100}}
,"C:\\Users\\Wade\\Komodo\\server\\controllers\\userController.js": {"lines":{"total":42,"covered":35,"skipped":0,"pct":83.33},"functions":{"total":4,"covered":3,"skipped":0,"pct":75},"statements":{"total":42,"covered":35,"skipped":0,"pct":83.33},"branches":{"total":6,"covered":5,"skipped":0,"pct":83.33}}
,"C:\\Users\\Wade\\Komodo\\server\\controllers\\authentication\\cookieController.js": {"lines":{"total":28,"covered":22,"skipped":0,"pct":78.57},"functions":{"total":3,"covered":2,"skipped":0,"pct":66.66},"statements":{"total":28,"covered":22,"skipped":0,"pct":78.57},"branches":{"total":4,"covered":4,"skipped":0,"pct":100}}
,"C:\\Users\\Wade\\Komodo\\server\\controllers\\cloudwatch\\cloudWatchLogController.js": {"lines":{"total":39,"covered":39,"skipped":0,"pct":100},"functions":{"total":4,"covered":4,"skipped":0,"pct":100},"statements":{"total":39,"covered":39,"skipped":0,"pct":100},"branches":{"total":0,"covered":0,"skipped":0,"pct":100}}
,"C:\\Users\\Wade\\Komodo\\server\\controllers\\cloudwatch\\cloudWatchMetricsController.js": {"lines":{"total":66,"covered":51,"skipped":0,"pct":77.27},"functions":{"total":4,"covered":4,"skipped":0,"pct":100},"statements":{"total":66,"covered":51,"skipped":0,"pct":77.27},"branches":{"total":42,"covered":29,"skipped":0,"pct":69.04}}
,"C:\\Users\\Wade\\Komodo\\server\\controllers\\lambda\\lambdaController.js": {"lines":{"total":15,"covered":14,"skipped":0,"pct":93.33},"functions":{"total":2,"covered":2,"skipped":0,"pct":100},"statements":{"total":15,"covered":14,"skipped":0,"pct":93.33},"branches":{"total":0,"covered":0,"skipped":0,"pct":100}}
,"C:\\Users\\Wade\\Komodo\\server\\controllers\\versions\\versionHistoryController.js": {"lines":{"total":47,"covered":47,"skipped":0,"pct":100},"functions":{"total":5,"covered":5,"skipped":0,"pct":100},"statements":{"total":48,"covered":48,"skipped":0,"pct":100},"branches":{"total":4,"covered":3,"skipped":0,"pct":75}}
,"C:\\Users\\Wade\\Komodo\\server\\controllers\\warming\\warmingController.js": {"lines":{"total":15,"covered":4,"skipped":0,"pct":26.66},"functions":{"total":1,"covered":0,"skipped":0,"pct":0},"statements":{"total":15,"covered":4,"skipped":0,"pct":26.66},"branches":{"total":0,"covered":0,"skipped":0,"pct":100}}
,"C:\\Users\\Wade\\Komodo\\server\\models\\sessionModel.js": {"lines":{"total":4,"covered":4,"skipped":0,"pct":100},"functions":{"total":0,"covered":0,"skipped":0,"pct":100},"statements":{"total":4,"covered":4,"skipped":0,"pct":100},"branches":{"total":0,"covered":0,"skipped":0,"pct":100}}
,"C:\\Users\\Wade\\Komodo\\server\\models\\userModel.js": {"lines":{"total":4,"covered":4,"skipped":0,"pct":100},"functions":{"total":0,"covered":0,"skipped":0,"pct":100},"statements":{"total":4,"covered":4,"skipped":0,"pct":100},"branches":{"total":0,"covered":0,"skipped":0,"pct":100}}
,"C:\\Users\\Wade\\Komodo\\server\\routes\\cloudWatchRouter.js": {"lines":{"total":12,"covered":12,"skipped":0,"pct":100},"functions":{"total":3,"covered":3,"skipped":0,"pct":100},"statements":{"total":12,"covered":12,"skipped":0,"pct":100},"branches":{"total":0,"covered":0,"skipped":0,"pct":100}}
,"C:\\Users\\Wade\\Komodo\\server\\routes\\lambdaRouter.js": {"lines":{"total":7,"covered":7,"skipped":0,"pct":100},"functions":{"total":1,"covered":1,"skipped":0,"pct":100},"statements":{"total":7,"covered":7,"skipped":0,"pct":100},"branches":{"total":0,"covered":0,"skipped":0,"pct":100}}
,"C:\\Users\\Wade\\Komodo\\server\\routes\\userRouter.js": {"lines":{"total":26,"covered":22,"skipped":0,"pct":84.61},"functions":{"total":5,"covered":3,"skipped":0,"pct":60},"statements":{"total":26,"covered":22,"skipped":0,"pct":84.61},"branches":{"total":8,"covered":6,"skipped":0,"pct":75}}
,"C:\\Users\\Wade\\Komodo\\server\\routes\\versionRouter.js": {"lines":{"total":11,"covered":11,"skipped":0,"pct":100},"functions":{"total":3,"covered":3,"skipped":0,"pct":100},"statements":{"total":11,"covered":11,"skipped":0,"pct":100},"branches":{"total":0,"covered":0,"skipped":0,"pct":100}}
,"C:\\Users\\Wade\\Komodo\\server\\routes\\warmingRouter.js": {"lines":{"total":7,"covered":6,"skipped":0,"pct":85.71},"functions":{"total":1,"covered":0,"skipped":0,"pct":0},"statements":{"total":7,"covered":6,"skipped":0,"pct":85.71},"branches":{"total":0,"covered":0,"skipped":0,"pct":100}}
}
