TN:
SF:server.js
FN:20,(anonymous_0)
FN:39,(anonymous_1)
FN:44,(anonymous_2)
FN:57,(anonymous_3)
FNF:4
FNH:3
FNDA:5,(anonymous_0)
FNDA:0,(anonymous_1)
FNDA:17,(anonymous_2)
FNDA:5,(anonymous_3)
DA:1,5
DA:2,5
DA:3,5
DA:4,5
DA:5,5
DA:6,5
DA:7,5
DA:8,5
DA:9,5
DA:10,5
DA:11,5
DA:16,5
DA:17,5
DA:18,5
DA:20,5
DA:21,5
DA:24,5
DA:25,5
DA:26,5
DA:30,5
DA:31,5
DA:32,5
DA:33,5
DA:34,5
DA:36,5
DA:39,5
DA:40,0
DA:44,5
DA:45,17
DA:46,17
DA:52,17
DA:53,17
DA:54,17
DA:57,5
DA:60,5
LF:35
LH:34
BRF:0
BRH:0
end_of_record
TN:
SF:controllers\stsController.js
FN:9,(anonymous_0)
FNF:1
FNH:1
FNDA:23,(anonymous_0)
DA:1,5
DA:2,5
DA:3,5
DA:4,5
DA:5,5
DA:7,5
DA:9,5
DA:16,23
DA:18,23
DA:21,23
DA:26,23
DA:33,23
DA:34,23
DA:38,23
DA:39,23
DA:40,23
DA:41,19
DA:46,19
DA:47,19
DA:49,4
DA:57,5
LF:21
LH:21
BRF:0
BRH:0
end_of_record
TN:
SF:controllers\userController.js
FN:6,(anonymous_0)
FN:24,(anonymous_1)
FN:39,(anonymous_2)
FN:79,(anonymous_3)
FNF:4
FNH:3
FNDA:2,(anonymous_0)
FNDA:0,(anonymous_1)
FNDA:2,(anonymous_2)
FNDA:1,(anonymous_3)
DA:1,5
DA:2,5
DA:4,5
DA:6,5
DA:7,2
DA:9,2
DA:11,2
DA:12,2
DA:13,1
DA:14,1
DA:16,1
DA:24,5
DA:25,0
DA:26,0
DA:27,0
DA:28,0
DA:31,0
DA:39,5
DA:40,2
DA:42,2
DA:45,2
DA:46,2
DA:48,2
DA:49,1
DA:55,1
DA:58,1
DA:59,1
DA:60,1
DA:61,0
DA:68,1
DA:69,1
DA:71,1
DA:79,5
DA:80,1
DA:81,1
DA:82,1
DA:87,1
DA:88,1
DA:89,1
DA:90,1
DA:92,0
DA:100,5
LF:42
LH:35
BRDA:48,0,0,1
BRDA:48,0,1,1
BRDA:48,1,0,2
BRDA:48,1,1,1
BRDA:60,2,0,0
BRDA:60,2,1,1
BRF:6
BRH:5
end_of_record
TN:
SF:controllers\authentication\cookieController.js
FN:6,(anonymous_0)
FN:24,(anonymous_1)
FN:52,(anonymous_2)
FNF:3
FNH:2
FNDA:2,(anonymous_0)
FNDA:2,(anonymous_1)
FNDA:0,(anonymous_2)
DA:1,5
DA:2,5
DA:4,5
DA:6,5
DA:7,2
DA:8,1
DA:11,1
DA:15,1
DA:16,1
DA:18,1
DA:19,1
DA:20,1
DA:24,5
DA:26,2
DA:27,2
DA:28,2
DA:29,2
DA:40,2
DA:41,2
DA:42,2
DA:44,0
DA:52,5
DA:53,0
DA:54,0
DA:55,0
DA:56,0
DA:58,0
DA:67,5
LF:28
LH:22
BRDA:7,0,0,1
BRDA:7,0,1,1
BRDA:28,1,0,2
BRDA:28,1,1,1
BRF:4
BRH:4
end_of_record
TN:
SF:controllers\cloudwatch\cloudWatchLogController.js
FN:8,(anonymous_0)
FN:32,(anonymous_1)
FN:52,(anonymous_2)
FN:75,(anonymous_3)
FNF:4
FNH:4
FNDA:2,(anonymous_0)
FNDA:9,(anonymous_1)
FNDA:3,(anonymous_2)
FNDA:67,(anonymous_3)
DA:1,5
DA:4,5
DA:8,5
DA:9,2
DA:10,2
DA:14,2
DA:18,2
DA:19,2
DA:24,2
DA:27,2
DA:28,2
DA:30,1
DA:32,1
DA:34,9
DA:37,1
DA:38,1
DA:43,1
DA:52,5
DA:53,3
DA:54,3
DA:55,3
DA:56,3
DA:58,3
DA:59,3
DA:61,3
DA:67,3
DA:71,3
DA:73,1
DA:74,1
DA:75,1
DA:76,67
DA:77,67
DA:79,67
DA:80,67
DA:82,1
DA:83,1
DA:84,1
DA:89,2
DA:98,5
LF:39
LH:39
BRF:0
BRH:0
end_of_record
TN:
SF:controllers\cloudwatch\cloudWatchMetricsController.js
FN:6,(anonymous_0)
FN:56,(anonymous_1)
FN:77,(anonymous_2)
FN:108,(anonymous_3)
FNF:4
FNH:4
FNDA:5,(anonymous_0)
FNDA:5,(anonymous_1)
FNDA:5,(anonymous_2)
FNDA:5,(anonymous_3)
DA:1,5
DA:4,5
DA:6,5
DA:7,5
DA:8,5
DA:9,5
DA:10,5
DA:11,5
DA:13,5
DA:17,5
DA:18,5
DA:19,5
DA:20,5
DA:21,5
DA:23,5
DA:24,1
DA:25,1
DA:26,1
DA:27,1
DA:36,1
DA:44,1
DA:45,1
DA:47,4
DA:56,5
DA:57,5
DA:58,0
DA:59,0
DA:60,0
DA:61,5
DA:62,0
DA:63,0
DA:64,0
DA:65,0
DA:67,5
DA:68,5
DA:69,5
DA:77,5
DA:79,5
DA:80,0
DA:81,0
DA:83,0
DA:86,5
DA:87,4
DA:88,0
DA:90,4
DA:93,5
DA:94,0
DA:96,5
DA:97,0
DA:98,0
DA:100,0
DA:103,5
DA:106,5
DA:108,5
DA:109,5
DA:110,2
DA:112,3
DA:114,3
DA:117,3
DA:149,3
DA:181,3
DA:213,3
DA:245,3
DA:277,3
DA:279,3
DA:282,5
LF:66
LH:51
BRDA:57,0,0,0
BRDA:57,0,1,5
BRDA:61,1,0,0
BRDA:61,1,1,5
BRDA:79,2,0,0
BRDA:79,2,1,5
BRDA:79,3,0,5
BRDA:79,3,1,5
BRDA:79,3,2,5
BRDA:79,3,3,5
BRDA:80,4,0,0
BRDA:80,4,1,0
BRDA:86,5,0,4
BRDA:86,5,1,1
BRDA:86,6,0,5
BRDA:86,6,1,5
BRDA:86,6,2,5
BRDA:87,7,0,0
BRDA:87,7,1,4
BRDA:87,8,0,4
BRDA:87,8,1,4
BRDA:93,9,0,0
BRDA:93,9,1,5
BRDA:93,10,0,5
BRDA:93,10,1,5
BRDA:96,11,0,0
BRDA:96,11,1,5
BRDA:96,12,0,5
BRDA:96,12,1,5
BRDA:96,12,2,5
BRDA:97,13,0,0
BRDA:97,13,1,0
BRDA:97,14,0,0
BRDA:97,14,1,0
BRDA:109,15,0,2
BRDA:109,15,1,3
BRDA:109,16,0,5
BRDA:109,16,1,4
BRDA:109,16,2,4
BRDA:109,16,3,3
BRDA:270,17,0,3
BRDA:270,17,1,0
BRF:42
BRH:29
end_of_record
TN:
SF:controllers\lambda\lambdaController.js
FN:10,(anonymous_0)
FN:26,(anonymous_1)
FNF:2
FNH:2
FNDA:1,(anonymous_0)
FNDA:2,(anonymous_1)
DA:5,5
DA:7,5
DA:10,5
DA:13,1
DA:18,1
DA:20,1
DA:21,1
DA:24,1
DA:25,1
DA:26,1
DA:27,2
DA:36,1
DA:37,1
DA:39,0
DA:49,5
LF:15
LH:14
BRF:0
BRH:0
end_of_record
TN:
SF:controllers\versions\versionHistoryController.js
FN:7,(anonymous_0)
FN:26,(anonymous_1)
FN:44,(anonymous_2)
FN:82,(anonymous_3)
FN:95,(anonymous_4)
FNF:5
FNH:5
FNDA:2,(anonymous_0)
FNDA:4,(anonymous_1)
FNDA:2,(anonymous_2)
FNDA:2,(anonymous_3)
FNDA:3,(anonymous_4)
DA:1,5
DA:3,5
DA:7,5
DA:8,2
DA:9,2
DA:10,2
DA:14,2
DA:15,2
DA:19,2
DA:20,2
DA:24,1
DA:26,1
DA:27,4
DA:32,1
DA:33,1
DA:35,1
DA:44,5
DA:45,2
DA:46,2
DA:47,2
DA:52,2
DA:56,2
DA:57,2
DA:62,1
DA:64,1
DA:71,1
DA:72,1
DA:74,1
DA:82,5
DA:83,2
DA:84,2
DA:85,2
DA:89,2
DA:92,2
DA:93,2
DA:94,1
DA:95,1
DA:96,3
DA:98,1
DA:100,1
DA:101,1
DA:102,1
DA:104,1
DA:108,1
DA:109,1
DA:111,1
DA:119,5
LF:47
LH:47
BRDA:62,0,0,0
BRDA:62,0,1,1
BRDA:96,1,0,2
BRDA:96,1,1,1
BRF:4
BRH:3
end_of_record
TN:
SF:controllers\warming\warmingController.js
FN:5,(anonymous_0)
FNF:1
FNH:1
FNDA:2,(anonymous_0)
DA:1,5
DA:3,5
DA:5,5
DA:6,2
DA:7,2
DA:8,2
DA:13,2
DA:17,2
DA:20,2
DA:34,2
DA:36,1
DA:38,1
DA:39,1
DA:41,1
DA:49,5
LF:15
LH:15
BRF:0
BRH:0
end_of_record
TN:
SF:models\sessionModel.js
FNF:0
FNH:0
DA:1,5
DA:2,5
DA:5,5
DA:11,5
LF:4
LH:4
BRF:0
BRH:0
end_of_record
TN:
SF:models\userModel.js
FNF:0
FNH:0
DA:1,5
DA:2,5
DA:4,5
DA:12,5
LF:4
LH:4
BRF:0
BRH:0
end_of_record
TN:
SF:routes\cloudWatchRouter.js
FN:8,(anonymous_0)
FN:14,(anonymous_1)
FN:19,(anonymous_2)
FNF:3
FNH:3
FNDA:1,(anonymous_0)
FNDA:1,(anonymous_1)
FNDA:1,(anonymous_2)
DA:1,5
DA:2,5
DA:3,5
DA:4,5
DA:5,5
DA:8,5
DA:10,1
DA:14,5
DA:15,1
DA:19,5
DA:20,1
DA:23,5
LF:12
LH:12
BRF:0
BRH:0
end_of_record
TN:
SF:routes\lambdaRouter.js
FN:7,(anonymous_0)
FNF:1
FNH:1
FNDA:1,(anonymous_0)
DA:1,5
DA:2,5
DA:3,5
DA:4,5
DA:7,5
DA:8,1
DA:11,5
LF:7
LH:7
BRF:0
BRH:0
end_of_record
TN:
SF:routes\userRouter.js
FN:7,(anonymous_0)
FN:18,(anonymous_1)
FN:22,(anonymous_2)
FN:35,(anonymous_3)
FN:39,(anonymous_4)
FNF:5
FNH:3
FNDA:1,(anonymous_0)
FNDA:0,(anonymous_1)
FNDA:1,(anonymous_2)
FNDA:0,(anonymous_3)
FNDA:1,(anonymous_4)
DA:1,5
DA:2,5
DA:3,5
DA:4,5
DA:7,5
DA:8,1
DA:9,0
DA:11,1
DA:12,1
DA:13,1
DA:14,1
DA:18,5
DA:19,0
DA:22,5
DA:23,1
DA:24,0
DA:26,1
DA:27,1
DA:28,1
DA:29,1
DA:30,1
DA:35,5
DA:36,0
DA:39,5
DA:40,1
DA:43,5
LF:26
LH:22
BRDA:8,0,0,0
BRDA:8,0,1,1
BRDA:8,1,0,1
BRDA:8,1,1,1
BRDA:23,2,0,0
BRDA:23,2,1,1
BRDA:23,3,0,1
BRDA:23,3,1,1
BRF:8
BRH:6
end_of_record
TN:
SF:routes\versionRouter.js
FN:7,(anonymous_0)
FN:11,(anonymous_1)
FN:15,(anonymous_2)
FNF:3
FNH:3
FNDA:1,(anonymous_0)
FNDA:1,(anonymous_1)
FNDA:1,(anonymous_2)
DA:1,5
DA:2,5
DA:3,5
DA:4,5
DA:7,5
DA:8,1
DA:11,5
DA:12,1
DA:15,5
DA:16,1
DA:19,5
LF:11
LH:11
BRF:0
BRH:0
end_of_record
TN:
SF:routes\warmingRouter.js
FN:6,(anonymous_0)
FNF:1
FNH:1
FNDA:1,(anonymous_0)
DA:1,5
DA:2,5
DA:3,5
DA:4,5
DA:6,5
DA:7,1
DA:12,5
LF:7
LH:7
BRF:0
BRH:0
end_of_record
